<?xml version="1.0" encoding="UTF-8"?>
<testsuite xmlns:xsi="http://www.w3.org/2001/XMLSchema-instance" xsi:noNamespaceSchemaLocation="https://maven.apache.org/surefire/maven-surefire-plugin/xsd/surefire-test-report.xsd" name="TestCaseB3T1" time="0.039" tests="3" errors="0" skipped="0" failures="0">
  <properties>
[...]
</properties>
  <testcase name="testEvenOdd" classname="TestCaseB3T1" time="0.025"/>
  <testcase name="testInputValidation" classname="TestCaseB3T1" time="0.005"/>
  <testcase name="testSum" classname="TestCaseB3T1" time="0"/>
</testsuite>